  main.cpp
C:\development\source\potato\player.h(26,27): warning C4244: аргумент: преобразование "int" в "float", возможна потеря данных
C:\development\source\potato\player.h(26,23): warning C4244: аргумент: преобразование "int" в "float", возможна потеря данных
C:\development\source\potato\player.h(104,29): warning C4244: =: преобразование "const T" в "int", возможна потеря данных
          with
          [
              T=float
          ]
C:\development\source\potato\player.h(105,29): warning C4244: =: преобразование "const T" в "int", возможна потеря данных
          with
          [
              T=float
          ]
C:\development\source\potato\player.h(114,11): warning C4244: +=: преобразование "float" в "int", возможна потеря данных
C:\development\source\potato\player.h(134,12): warning C4244: +=: преобразование "float" в "int", возможна потеря данных
C:\development\source\potato\player.h(153,12): warning C4244: -=: преобразование "float" в "int", возможна потеря данных
C:\development\source\potato\player.h(176,11): warning C4244: +=: преобразование "float" в "int", возможна потеря данных
C:\development\source\potato\player.h(207,27): warning C4244: аргумент: преобразование "int" в "float", возможна потеря данных
C:\development\source\potato\player.h(207,23): warning C4244: аргумент: преобразование "int" в "float", возможна потеря данных
C:\development\source\potato\bot.h(19,27): warning C4244: аргумент: преобразование "int" в "float", возможна потеря данных
C:\development\source\potato\bot.h(19,23): warning C4244: аргумент: преобразование "int" в "float", возможна потеря данных
C:\development\source\potato\bot.h(110,27): warning C4244: -=: преобразование "double" в "int", возможна потеря данных
C:\development\source\potato\bot.h(127,13): warning C4244: +=: преобразование "float" в "int", возможна потеря данных
C:\development\source\potato\bot.h(145,27): warning C4244: -=: преобразование "double" в "int", возможна потеря данных
C:\development\source\potato\bot.h(166,13): warning C4244: +=: преобразование "float" в "int", возможна потеря данных
C:\development\source\potato\bot.h(190,27): warning C4244: аргумент: преобразование "int" в "float", возможна потеря данных
C:\development\source\potato\bot.h(190,23): warning C4244: аргумент: преобразование "int" в "float", возможна потеря данных
C:\development\source\potato\main.cpp(74,47): warning C4244: аргумент: преобразование "int" в "float", возможна потеря данных
C:\development\source\potato\main.cpp(74,39): warning C4244: аргумент: преобразование "int" в "float", возможна потеря данных
C:\development\source\potato\main.cpp(100,47): warning C4244: аргумент: преобразование "int" в "float", возможна потеря данных
C:\development\source\potato\main.cpp(100,39): warning C4244: аргумент: преобразование "int" в "float", возможна потеря данных
  SFML.vcxproj -> C:\development\source\potato\x64\Debug\SFML.exe
